25-04-06.16:04:30.722 [main            ] INFO  Application            - Starting Application using Java 17.0.14 with PID 15908 (D:\Work\Tools\GitHub\repository\ai-rag-knowledge\mh-dev-tech-app\target\classes started by 13168 in D:\Work\Tools\GitHub\repository\ai-rag-knowledge)
25-04-06.16:04:30.723 [main            ] INFO  Application            - The following 1 profile is active: "dev"
25-04-06.16:04:31.505 [main            ] INFO  RepositoryConfigurationDelegate - Multiple Spring Data modules found, entering strict repository configuration mode
25-04-06.16:04:31.508 [main            ] INFO  RepositoryConfigurationDelegate - Bootstrapping Spring Data Redis repositories in DEFAULT mode.
25-04-06.16:04:31.539 [main            ] INFO  RepositoryConfigurationDelegate - Finished Spring Data repository scanning in 12 ms. Found 0 Redis repository interfaces.
25-04-06.16:04:32.181 [main            ] INFO  TomcatWebServer        - Tomcat initialized with port 8090 (http)
25-04-06.16:04:32.189 [main            ] INFO  Http11NioProtocol      - Initializing ProtocolHandler ["http-nio-8090"]
25-04-06.16:04:32.192 [main            ] INFO  StandardService        - Starting service [Tomcat]
25-04-06.16:04:32.192 [main            ] INFO  StandardEngine         - Starting Servlet engine: [Apache Tomcat/10.1.19]
25-04-06.16:04:32.269 [main            ] INFO  [/]                    - Initializing Spring embedded WebApplicationContext
25-04-06.16:04:32.269 [main            ] INFO  ServletWebServerApplicationContext - Root WebApplicationContext: initialization completed in 1329 ms
25-04-06.16:04:32.678 [main            ] INFO  HikariDataSource       - HikariCP - Starting...
25-04-06.16:04:33.128 [main            ] INFO  HikariPool             - HikariCP - Added connection org.postgresql.jdbc.PgConnection@5bb99d1d
25-04-06.16:04:33.130 [main            ] INFO  HikariDataSource       - HikariCP - Start completed.
25-04-06.16:04:38.283 [main            ] INFO  Version                - Redisson 3.44.0
25-04-06.16:04:38.588 [redisson-netty-1-4] INFO  ConnectionsHolder      - 1 connections initialized for 117.72.53.2/117.72.53.2:16379
25-04-06.16:04:38.860 [redisson-netty-1-13] INFO  ConnectionsHolder      - 5 connections initialized for 117.72.53.2/117.72.53.2:16379
25-04-06.16:04:39.394 [main            ] INFO  Http11NioProtocol      - Starting ProtocolHandler ["http-nio-8090"]
25-04-06.16:04:39.406 [main            ] INFO  TomcatWebServer        - Tomcat started on port 8090 (http) with context path ''
25-04-06.16:04:39.412 [main            ] INFO  Application            - Started Application in 9.239 seconds (process running for 10.05)
25-04-06.16:04:50.148 [http-nio-8090-exec-1] INFO  [/]                    - Initializing Spring DispatcherServlet 'dispatcherServlet'
25-04-06.16:04:50.148 [http-nio-8090-exec-1] INFO  DispatcherServlet      - Initializing Servlet 'dispatcherServlet'
25-04-06.16:04:50.149 [http-nio-8090-exec-1] INFO  DispatcherServlet      - Completed initialization in 1 ms
25-04-06.16:05:56.928 [SpringApplicationShutdownHook] INFO  HikariDataSource       - HikariCP - Shutdown initiated...
25-04-06.16:05:56.928 [SpringApplicationShutdownHook] INFO  HikariDataSource       - HikariCP - Shutdown completed.
